<?xml version="1.0" encoding="UTF-8"?>
<!-- Generated by org.testng.reporters.JUnitReportReporter -->
<testsuite skipped="0" hostname="NOT-TIS-CON06" name="com.alphasense.Testautomation.tests.Test_PageCreateAnAccount" tests="1" failures="0" timestamp="22 set 2019 21:48:13 GMT" time="161.640" errors="0">
  <testcase name="TestMethod" time="161.640" classname="com.alphasense.Testautomation.tests.Test_PageCreateAnAccount"/>
</testsuite> <!-- com.alphasense.Testautomation.tests.Test_PageCreateAnAccount -->
