<?xml version="1.0" encoding="UTF-8"?>
<!-- Generated by org.testng.reporters.JUnitReportReporter -->
<testsuite skipped="0" hostname="NOT-TIS-CON06" name="com.alphasense.Testautomation.tests.Test_DownloadPDFInvoice" tests="1" failures="0" timestamp="30 set 2019 18:00:15 GMT" time="424.278" errors="0">
  <testcase name="TestDownloadInvoice" time="424.278" classname="com.alphasense.Testautomation.tests.Test_DownloadPDFInvoice"/>
</testsuite> <!-- com.alphasense.Testautomation.tests.Test_DownloadPDFInvoice -->
