<?xml version="1.0" encoding="UTF-8"?>
<!-- Generated by org.testng.reporters.JUnitReportReporter -->
<testsuite skipped="0" hostname="NOT-TIS-CON06" name="com.alphasense.Testautomation.tests.Test_PageMyAccountSearchClothes" tests="1" failures="0" timestamp="24 set 2019 21:33:56 GMT" time="83.955" errors="0">
  <testcase name="TestMethod" time="83.955" classname="com.alphasense.Testautomation.tests.Test_PageMyAccountSearchClothes"/>
</testsuite> <!-- com.alphasense.Testautomation.tests.Test_PageMyAccountSearchClothes -->
