<?xml version="1.0" encoding="UTF-8"?>
<!-- Generated by org.testng.reporters.JUnitReportReporter -->
<testsuite skipped="0" hostname="NOT-TIS-CON06" name="com.alphasense.Testautomation.tests.Test_PageInvalidLogin" tests="1" failures="0" timestamp="29 set 2019 00:55:50 GMT" time="394.523" errors="0">
  <testcase name="TestMethodInvalidLogin" time="394.523" classname="com.alphasense.Testautomation.tests.Test_PageInvalidLogin"/>
</testsuite> <!-- com.alphasense.Testautomation.tests.Test_PageInvalidLogin -->
