<?xml version="1.0" encoding="UTF-8"?>
<!-- Generated by org.testng.reporters.JUnitReportReporter -->
<testsuite skipped="0" hostname="NOT-TIS-CON06" name="com.alphasense.Testautomation.tests.Test_PageInvalidLogin" tests="1" failures="0" timestamp="24 set 2019 22:16:03 GMT" time="48.417" errors="0">
  <testcase name="TestMethod" time="48.417" classname="com.alphasense.Testautomation.tests.Test_PageInvalidLogin"/>
</testsuite> <!-- com.alphasense.Testautomation.tests.Test_PageInvalidLogin -->
