<?xml version="1.0" encoding="UTF-8"?>
<!-- Generated by org.testng.reporters.JUnitReportReporter -->
<testsuite skipped="0" hostname="NOT-TIS-CON06" name="com.alphasense.Testautomation.tests.Test_PageMyAccountOrderShipClothes" tests="1" failures="0" timestamp="24 set 2019 21:30:19 GMT" time="223.224" errors="0">
  <testcase name="TestMethod" time="223.224" classname="com.alphasense.Testautomation.tests.Test_PageMyAccountOrderShipClothes"/>
</testsuite> <!-- com.alphasense.Testautomation.tests.Test_PageMyAccountOrderShipClothes -->
