<?xml version="1.0" encoding="UTF-8"?>
<!-- Generated by org.testng.reporters.JUnitReportReporter -->
<testsuite skipped="0" hostname="NOT-TIS-CON06" name="com.alphasense.Testautomation.tests.Test_PageLogin" tests="1" failures="0" timestamp="25 set 2019 21:49:16 GMT" time="218.066" errors="0">
  <testcase name="TestMethod" time="218.066" classname="com.alphasense.Testautomation.tests.Test_PageLogin"/>
</testsuite> <!-- com.alphasense.Testautomation.tests.Test_PageLogin -->
