<?xml version="1.0" encoding="UTF-8"?>
<!-- Generated by org.testng.reporters.JUnitReportReporter -->
<testsuite skipped="0" hostname="NOT-TIS-CON06" name="com.alphasense.Testautomation.tests.Test_PageMyAccountOrderShipClothes" tests="1" failures="0" timestamp="30 set 2019 18:13:28 GMT" time="360.225" errors="0">
  <testcase name="TestShippingClothes" time="360.225" classname="com.alphasense.Testautomation.tests.Test_PageMyAccountOrderShipClothes"/>
</testsuite> <!-- com.alphasense.Testautomation.tests.Test_PageMyAccountOrderShipClothes -->
