<?xml version="1.0" encoding="UTF-8"?>
<!-- Generated by org.testng.reporters.JUnitReportReporter -->
<testsuite skipped="0" hostname="NOT-TIS-CON06" name="com.alphasense.Testautomation.tests.Test_PageCreateAnAccount" tests="1" failures="0" timestamp="30 set 2019 19:18:19 GMT" time="160.518" errors="0">
  <testcase name="TestMethod" time="160.518" classname="com.alphasense.Testautomation.tests.Test_PageCreateAnAccount"/>
</testsuite> <!-- com.alphasense.Testautomation.tests.Test_PageCreateAnAccount -->
