<?xml version="1.0" encoding="UTF-8"?>
<!-- Generated by org.testng.reporters.JUnitReportReporter -->
<testsuite skipped="0" hostname="NOT-TIS-CON06" name="com.alphasense.Testautomation.tests.Test_PageLogin" tests="1" failures="0" timestamp="27 set 2019 14:41:02 GMT" time="225.893" errors="0">
  <testcase name="TestMethod" time="225.893" classname="com.alphasense.Testautomation.tests.Test_PageLogin"/>
</testsuite> <!-- com.alphasense.Testautomation.tests.Test_PageLogin -->
