<?xml version="1.0" encoding="UTF-8"?>
<!-- Generated by org.testng.reporters.JUnitReportReporter -->
<testsuite skipped="0" hostname="NOT-TIS-CON06" name="com.alphasense.Testautomation.tests.Test_PageInvalidLogin" tests="1" failures="0" timestamp="28 set 2019 12:48:43 GMT" time="51.324" errors="0">
  <testcase name="TestMethod" time="51.324" classname="com.alphasense.Testautomation.tests.Test_PageInvalidLogin"/>
</testsuite> <!-- com.alphasense.Testautomation.tests.Test_PageInvalidLogin -->
