<?xml version="1.0" encoding="UTF-8"?>
<!-- Generated by org.testng.reporters.JUnitReportReporter -->
<testsuite skipped="1" hostname="NOT-TIS-CON06" name="com.alphasense.Testautomation.tests.Test_PageMyAccountOrderShipClothes" tests="2" failures="0" timestamp="27 set 2019 14:08:37 GMT" time="340.061" errors="0">
  <testcase name="TestDownloadInvoice" time="340.061" classname="com.alphasense.Testautomation.tests.Test_PageMyAccountOrderShipClothes"/>
  <testcase name="TestShippingClothes" classname="com.alphasense.Testautomation.tests.Test_PageMyAccountOrderShipClothes">
    <skipped/>
  </testcase> <!-- TestShippingClothes -->
</testsuite> <!-- com.alphasense.Testautomation.tests.Test_PageMyAccountOrderShipClothes -->
